2019-02-13T22:04:55+00:00 CRITICAL Uncaught Error: Function name must be a string in /opt/bitnami/apps/bmc/htdocs/wp-content/themes/jupiter/framework/admin/generators/option-generator.php:80
Stack trace:
#0 /opt/bitnami/apps/bmc/htdocs/wp-content/themes/jupiter/framework/admin/generators/option-generator.php(9): mkOptionGenerator->render()
#1 /opt/bitnami/apps/bmc/htdocs/wp-content/themes/jupiter/functions.php(519): mkOptionGenerator->__construct('Jupiter_options', Array)
#2 /opt/bitnami/apps/bmc/htdocs/wp-includes/class-wp-hook.php(286): Theme->_load_option_page('')
#3 /opt/bitnami/apps/bmc/htdocs/wp-includes/class-wp-hook.php(310): WP_Hook->apply_filters('', Array)
#4 /opt/bitnami/apps/bmc/htdocs/wp-includes/plugin.php(453): WP_Hook->do_action(Array)
#5 /opt/bitnami/apps/bmc/htdocs/wp-admin/admin.php(224): do_action('toplevel_page_m...')
#6 {main}
  thrown in /opt/bitnami/apps/bmc/htdocs/wp-content/themes/jupiter/framework/admin/generators/option-generator.php on line 80

2019-02-13T22:04:56+00:00 CRITICAL Uncaught Error: Function name must be a string in /opt/bitnami/apps/bmc/htdocs/wp-content/themes/jupiter/framework/admin/generators/option-generator.php:80
Stack trace:
#0 /opt/bitnami/apps/bmc/htdocs/wp-content/themes/jupiter/framework/admin/generators/option-generator.php(9): mkOptionGenerator->render()
#1 /opt/bitnami/apps/bmc/htdocs/wp-content/themes/jupiter/functions.php(519): mkOptionGenerator->__construct('Jupiter_options', Array)
#2 /opt/bitnami/apps/bmc/htdocs/wp-includes/class-wp-hook.php(286): Theme->_load_option_page('')
#3 /opt/bitnami/apps/bmc/htdocs/wp-includes/class-wp-hook.php(310): WP_Hook->apply_filters('', Array)
#4 /opt/bitnami/apps/bmc/htdocs/wp-includes/plugin.php(453): WP_Hook->do_action(Array)
#5 /opt/bitnami/apps/bmc/htdocs/wp-admin/admin.php(224): do_action('toplevel_page_m...')
#6 {main}
  thrown in /opt/bitnami/apps/bmc/htdocs/wp-content/themes/jupiter/framework/admin/generators/option-generator.php on line 80

2019-02-13T22:05:32+00:00 CRITICAL Uncaught Error: Function name must be a string in /opt/bitnami/apps/bmc/htdocs/wp-content/themes/jupiter/framework/admin/generators/option-generator.php:80
Stack trace:
#0 /opt/bitnami/apps/bmc/htdocs/wp-content/themes/jupiter/framework/admin/generators/option-generator.php(9): mkOptionGenerator->render()
#1 /opt/bitnami/apps/bmc/htdocs/wp-content/themes/jupiter/functions.php(519): mkOptionGenerator->__construct('Jupiter_options', Array)
#2 /opt/bitnami/apps/bmc/htdocs/wp-includes/class-wp-hook.php(286): Theme->_load_option_page('')
#3 /opt/bitnami/apps/bmc/htdocs/wp-includes/class-wp-hook.php(310): WP_Hook->apply_filters('', Array)
#4 /opt/bitnami/apps/bmc/htdocs/wp-includes/plugin.php(453): WP_Hook->do_action(Array)
#5 /opt/bitnami/apps/bmc/htdocs/wp-admin/admin.php(224): do_action('toplevel_page_m...')
#6 {main}
  thrown in /opt/bitnami/apps/bmc/htdocs/wp-content/themes/jupiter/framework/admin/generators/option-generator.php on line 80

2019-02-13T22:05:32+00:00 CRITICAL Uncaught Error: Function name must be a string in /opt/bitnami/apps/bmc/htdocs/wp-content/themes/jupiter/framework/admin/generators/option-generator.php:80
Stack trace:
#0 /opt/bitnami/apps/bmc/htdocs/wp-content/themes/jupiter/framework/admin/generators/option-generator.php(9): mkOptionGenerator->render()
#1 /opt/bitnami/apps/bmc/htdocs/wp-content/themes/jupiter/functions.php(519): mkOptionGenerator->__construct('Jupiter_options', Array)
#2 /opt/bitnami/apps/bmc/htdocs/wp-includes/class-wp-hook.php(286): Theme->_load_option_page('')
#3 /opt/bitnami/apps/bmc/htdocs/wp-includes/class-wp-hook.php(310): WP_Hook->apply_filters('', Array)
#4 /opt/bitnami/apps/bmc/htdocs/wp-includes/plugin.php(453): WP_Hook->do_action(Array)
#5 /opt/bitnami/apps/bmc/htdocs/wp-admin/admin.php(224): do_action('toplevel_page_m...')
#6 {main}
  thrown in /opt/bitnami/apps/bmc/htdocs/wp-content/themes/jupiter/framework/admin/generators/option-generator.php on line 80

